<?xml version="1.0" encoding="UTF-8"?>
<!-- Generated by org.testng.reporters.JUnitReportReporter -->
<testsuite hostname="Justin-HP" failures="0" tests="2" name="com.herokuapp.theinternet.NegativeTest" time="14.998" errors="0" timestamp="01 lip 2022 10:25:01 GMT" skipped="0">
  <testcase classname="com.herokuapp.theinternet.NegativeTest" name="negativeLoginTest" time="7.860"/>
  <testcase classname="com.herokuapp.theinternet.NegativeTest" name="negativeLoginTest" time="7.138"/>
</testsuite> <!-- com.herokuapp.theinternet.NegativeTest -->
