<?xml version="1.0" encoding="UTF-8"?>
<!-- Generated by org.testng.reporters.JUnitReportReporter -->
<testsuite hostname="Justin-HP" failures="0" tests="1" name="com.herokuapp.theinternet.ExceptionTest" time="7.119" errors="0" timestamp="30 sie 2022 06:56:47 GMT" skipped="0">
  <testcase classname="com.herokuapp.theinternet.ExceptionTest" name="disabledElementTest" time="7.119"/>
</testsuite> <!-- com.herokuapp.theinternet.ExceptionTest -->
