<?xml version="1.0" encoding="UTF-8"?>
<!-- Generated by org.testng.reporters.JUnitReportReporter -->
<testsuite hostname="Justin-HP" failures="0" tests="1" name="com.herokuapp.theinternet.PositiveTest" time="5.855" errors="0" timestamp="06 cze 2022 06:03:36 GMT" skipped="0">
  <testcase classname="com.herokuapp.theinternet.PositiveTest" name="loginTest" time="5.855"/>
</testsuite> <!-- com.herokuapp.theinternet.PositiveTest -->
